[2025-06-06 11:05:04] info: Starting AAVE Liquidation Bot... 
[2025-06-06 11:05:06] info: Loaded 9 reserves 
[2025-06-06 11:05:26] info: Strategy manager initialized 
[2025-06-06 11:05:26] info: Strategy manager started 
[2025-06-06 11:05:26] info: Starting event listening for borrow and repay events 
[2025-06-06 11:05:27] error: Failed to get user account data for 0x...: resolver or addr is not configured for ENS name (argument="name", value="0x...", code=INVALID_ARGUMENT, version=contracts/5.8.0) {"reason":"resolver or addr is not configured for ENS name","code":"INVALID_ARGUMENT","argument":"name","value":"0x...","stack":"Error: resolver or addr is not configured for ENS name (argument=\"name\", value=\"0x...\", code=INVALID_ARGUMENT, version=contracts/5.8.0)\n    at Logger.makeError (D:\\Git-project\\aave-v3-liquidation-bot\\aave-v3-liquidation-bot\\node_modules\\@ethersproject\\logger\\src.ts\\index.ts:269:28)\n    at Logger.throwError (D:\\Git-project\\aave-v3-liquidation-bot\\aave-v3-liquidation-bot\\node_modules\\@ethersproject\\logger\\src.ts\\index.ts:281:20)\n    at Logger.throwArgumentError (D:\\Git-project\\aave-v3-liquidation-bot\\aave-v3-liquidation-bot\\node_modules\\@ethersproject\\logger\\src.ts\\index.ts:285:21)\n    at D:\\Git-project\\aave-v3-liquidation-bot\\aave-v3-liquidation-bot\\node_modules\\@ethersproject\\contracts\\src.ts\\index.ts:140:16\n    at step (D:\\Git-project\\aave-v3-liquidation-bot\\aave-v3-liquidation-bot\\node_modules\\@ethersproject\\contracts\\lib\\index.js:48:23)\n    at Object.next (D:\\Git-project\\aave-v3-liquidation-bot\\aave-v3-liquidation-bot\\node_modules\\@ethersproject\\contracts\\lib\\index.js:29:53)\n    at fulfilled (D:\\Git-project\\aave-v3-liquidation-bot\\aave-v3-liquidation-bot\\node_modules\\@ethersproject\\contracts\\lib\\index.js:20:58)\n    at processTicksAndRejections (node:internal/process/task_queues:105:5)"}
[2025-06-06 11:05:27] error: Error scanning health factor for 0x...: resolver or addr is not configured for ENS name (argument="name", value="0x...", code=INVALID_ARGUMENT, version=contracts/5.8.0) {"reason":"resolver or addr is not configured for ENS name","code":"INVALID_ARGUMENT","argument":"name","value":"0x...","stack":"Error: resolver or addr is not configured for ENS name (argument=\"name\", value=\"0x...\", code=INVALID_ARGUMENT, version=contracts/5.8.0)\n    at Logger.makeError (D:\\Git-project\\aave-v3-liquidation-bot\\aave-v3-liquidation-bot\\node_modules\\@ethersproject\\logger\\src.ts\\index.ts:269:28)\n    at Logger.throwError (D:\\Git-project\\aave-v3-liquidation-bot\\aave-v3-liquidation-bot\\node_modules\\@ethersproject\\logger\\src.ts\\index.ts:281:20)\n    at Logger.throwArgumentError (D:\\Git-project\\aave-v3-liquidation-bot\\aave-v3-liquidation-bot\\node_modules\\@ethersproject\\logger\\src.ts\\index.ts:285:21)\n    at D:\\Git-project\\aave-v3-liquidation-bot\\aave-v3-liquidation-bot\\node_modules\\@ethersproject\\contracts\\src.ts\\index.ts:140:16\n    at step (D:\\Git-project\\aave-v3-liquidation-bot\\aave-v3-liquidation-bot\\node_modules\\@ethersproject\\contracts\\lib\\index.js:48:23)\n    at Object.next (D:\\Git-project\\aave-v3-liquidation-bot\\aave-v3-liquidation-bot\\node_modules\\@ethersproject\\contracts\\lib\\index.js:29:53)\n    at fulfilled (D:\\Git-project\\aave-v3-liquidation-bot\\aave-v3-liquidation-bot\\node_modules\\@ethersproject\\contracts\\lib\\index.js:20:58)\n    at processTicksAndRejections (node:internal/process/task_queues:105:5)"}
[2025-06-06 11:05:27] error: Failed to get user account data for 0x...: resolver or addr is not configured for ENS name (argument="name", value="0x...", code=INVALID_ARGUMENT, version=contracts/5.8.0) {"reason":"resolver or addr is not configured for ENS name","code":"INVALID_ARGUMENT","argument":"name","value":"0x...","stack":"Error: resolver or addr is not configured for ENS name (argument=\"name\", value=\"0x...\", code=INVALID_ARGUMENT, version=contracts/5.8.0)\n    at Logger.makeError (D:\\Git-project\\aave-v3-liquidation-bot\\aave-v3-liquidation-bot\\node_modules\\@ethersproject\\logger\\src.ts\\index.ts:269:28)\n    at Logger.throwError (D:\\Git-project\\aave-v3-liquidation-bot\\aave-v3-liquidation-bot\\node_modules\\@ethersproject\\logger\\src.ts\\index.ts:281:20)\n    at Logger.throwArgumentError (D:\\Git-project\\aave-v3-liquidation-bot\\aave-v3-liquidation-bot\\node_modules\\@ethersproject\\logger\\src.ts\\index.ts:285:21)\n    at D:\\Git-project\\aave-v3-liquidation-bot\\aave-v3-liquidation-bot\\node_modules\\@ethersproject\\contracts\\src.ts\\index.ts:140:16\n    at step (D:\\Git-project\\aave-v3-liquidation-bot\\aave-v3-liquidation-bot\\node_modules\\@ethersproject\\contracts\\lib\\index.js:48:23)\n    at Object.next (D:\\Git-project\\aave-v3-liquidation-bot\\aave-v3-liquidation-bot\\node_modules\\@ethersproject\\contracts\\lib\\index.js:29:53)\n    at fulfilled (D:\\Git-project\\aave-v3-liquidation-bot\\aave-v3-liquidation-bot\\node_modules\\@ethersproject\\contracts\\lib\\index.js:20:58)\n    at processTicksAndRejections (node:internal/process/task_queues:105:5)"}
[2025-06-06 11:05:27] error: Error scanning health factor for 0x...: resolver or addr is not configured for ENS name (argument="name", value="0x...", code=INVALID_ARGUMENT, version=contracts/5.8.0) {"reason":"resolver or addr is not configured for ENS name","code":"INVALID_ARGUMENT","argument":"name","value":"0x...","stack":"Error: resolver or addr is not configured for ENS name (argument=\"name\", value=\"0x...\", code=INVALID_ARGUMENT, version=contracts/5.8.0)\n    at Logger.makeError (D:\\Git-project\\aave-v3-liquidation-bot\\aave-v3-liquidation-bot\\node_modules\\@ethersproject\\logger\\src.ts\\index.ts:269:28)\n    at Logger.throwError (D:\\Git-project\\aave-v3-liquidation-bot\\aave-v3-liquidation-bot\\node_modules\\@ethersproject\\logger\\src.ts\\index.ts:281:20)\n    at Logger.throwArgumentError (D:\\Git-project\\aave-v3-liquidation-bot\\aave-v3-liquidation-bot\\node_modules\\@ethersproject\\logger\\src.ts\\index.ts:285:21)\n    at D:\\Git-project\\aave-v3-liquidation-bot\\aave-v3-liquidation-bot\\node_modules\\@ethersproject\\contracts\\src.ts\\index.ts:140:16\n    at step (D:\\Git-project\\aave-v3-liquidation-bot\\aave-v3-liquidation-bot\\node_modules\\@ethersproject\\contracts\\lib\\index.js:48:23)\n    at Object.next (D:\\Git-project\\aave-v3-liquidation-bot\\aave-v3-liquidation-bot\\node_modules\\@ethersproject\\contracts\\lib\\index.js:29:53)\n    at fulfilled (D:\\Git-project\\aave-v3-liquidation-bot\\aave-v3-liquidation-bot\\node_modules\\@ethersproject\\contracts\\lib\\index.js:20:58)\n    at processTicksAndRejections (node:internal/process/task_queues:105:5)"}
[2025-06-06 11:05:28] error: Failed to get user account data for 0x...: resolver or addr is not configured for ENS name (argument="name", value="0x...", code=INVALID_ARGUMENT, version=contracts/5.8.0) {"reason":"resolver or addr is not configured for ENS name","code":"INVALID_ARGUMENT","argument":"name","value":"0x...","stack":"Error: resolver or addr is not configured for ENS name (argument=\"name\", value=\"0x...\", code=INVALID_ARGUMENT, version=contracts/5.8.0)\n    at Logger.makeError (D:\\Git-project\\aave-v3-liquidation-bot\\aave-v3-liquidation-bot\\node_modules\\@ethersproject\\logger\\src.ts\\index.ts:269:28)\n    at Logger.throwError (D:\\Git-project\\aave-v3-liquidation-bot\\aave-v3-liquidation-bot\\node_modules\\@ethersproject\\logger\\src.ts\\index.ts:281:20)\n    at Logger.throwArgumentError (D:\\Git-project\\aave-v3-liquidation-bot\\aave-v3-liquidation-bot\\node_modules\\@ethersproject\\logger\\src.ts\\index.ts:285:21)\n    at D:\\Git-project\\aave-v3-liquidation-bot\\aave-v3-liquidation-bot\\node_modules\\@ethersproject\\contracts\\src.ts\\index.ts:140:16\n    at step (D:\\Git-project\\aave-v3-liquidation-bot\\aave-v3-liquidation-bot\\node_modules\\@ethersproject\\contracts\\lib\\index.js:48:23)\n    at Object.next (D:\\Git-project\\aave-v3-liquidation-bot\\aave-v3-liquidation-bot\\node_modules\\@ethersproject\\contracts\\lib\\index.js:29:53)\n    at fulfilled (D:\\Git-project\\aave-v3-liquidation-bot\\aave-v3-liquidation-bot\\node_modules\\@ethersproject\\contracts\\lib\\index.js:20:58)\n    at processTicksAndRejections (node:internal/process/task_queues:105:5)"}
[2025-06-06 11:05:28] error: Error scanning health factor for 0x...: resolver or addr is not configured for ENS name (argument="name", value="0x...", code=INVALID_ARGUMENT, version=contracts/5.8.0) {"reason":"resolver or addr is not configured for ENS name","code":"INVALID_ARGUMENT","argument":"name","value":"0x...","stack":"Error: resolver or addr is not configured for ENS name (argument=\"name\", value=\"0x...\", code=INVALID_ARGUMENT, version=contracts/5.8.0)\n    at Logger.makeError (D:\\Git-project\\aave-v3-liquidation-bot\\aave-v3-liquidation-bot\\node_modules\\@ethersproject\\logger\\src.ts\\index.ts:269:28)\n    at Logger.throwError (D:\\Git-project\\aave-v3-liquidation-bot\\aave-v3-liquidation-bot\\node_modules\\@ethersproject\\logger\\src.ts\\index.ts:281:20)\n    at Logger.throwArgumentError (D:\\Git-project\\aave-v3-liquidation-bot\\aave-v3-liquidation-bot\\node_modules\\@ethersproject\\logger\\src.ts\\index.ts:285:21)\n    at D:\\Git-project\\aave-v3-liquidation-bot\\aave-v3-liquidation-bot\\node_modules\\@ethersproject\\contracts\\src.ts\\index.ts:140:16\n    at step (D:\\Git-project\\aave-v3-liquidation-bot\\aave-v3-liquidation-bot\\node_modules\\@ethersproject\\contracts\\lib\\index.js:48:23)\n    at Object.next (D:\\Git-project\\aave-v3-liquidation-bot\\aave-v3-liquidation-bot\\node_modules\\@ethersproject\\contracts\\lib\\index.js:29:53)\n    at fulfilled (D:\\Git-project\\aave-v3-liquidation-bot\\aave-v3-liquidation-bot\\node_modules\\@ethersproject\\contracts\\lib\\index.js:20:58)\n    at processTicksAndRejections (node:internal/process/task_queues:105:5)"}
[2025-06-06 11:05:28] info: Found 0 potential liquidation targets 
[2025-06-06 11:05:28] info: Found 0 liquidatable positions 
[2025-06-06 11:05:28] info: Bot is running. Press CTRL+C to stop. 
[2025-06-06 11:05:29] error: Failed to get user account data for 0x...: resolver or addr is not configured for ENS name (argument="name", value="0x...", code=INVALID_ARGUMENT, version=contracts/5.8.0) {"reason":"resolver or addr is not configured for ENS name","code":"INVALID_ARGUMENT","argument":"name","value":"0x...","stack":"Error: resolver or addr is not configured for ENS name (argument=\"name\", value=\"0x...\", code=INVALID_ARGUMENT, version=contracts/5.8.0)\n    at Logger.makeError (D:\\Git-project\\aave-v3-liquidation-bot\\aave-v3-liquidation-bot\\node_modules\\@ethersproject\\logger\\src.ts\\index.ts:269:28)\n    at Logger.throwError (D:\\Git-project\\aave-v3-liquidation-bot\\aave-v3-liquidation-bot\\node_modules\\@ethersproject\\logger\\src.ts\\index.ts:281:20)\n    at Logger.throwArgumentError (D:\\Git-project\\aave-v3-liquidation-bot\\aave-v3-liquidation-bot\\node_modules\\@ethersproject\\logger\\src.ts\\index.ts:285:21)\n    at D:\\Git-project\\aave-v3-liquidation-bot\\aave-v3-liquidation-bot\\node_modules\\@ethersproject\\contracts\\src.ts\\index.ts:140:16\n    at step (D:\\Git-project\\aave-v3-liquidation-bot\\aave-v3-liquidation-bot\\node_modules\\@ethersproject\\contracts\\lib\\index.js:48:23)\n    at Object.next (D:\\Git-project\\aave-v3-liquidation-bot\\aave-v3-liquidation-bot\\node_modules\\@ethersproject\\contracts\\lib\\index.js:29:53)\n    at fulfilled (D:\\Git-project\\aave-v3-liquidation-bot\\aave-v3-liquidation-bot\\node_modules\\@ethersproject\\contracts\\lib\\index.js:20:58)\n    at processTicksAndRejections (node:internal/process/task_queues:105:5)"}
[2025-06-06 11:05:29] error: Error scanning health factor for 0x...: resolver or addr is not configured for ENS name (argument="name", value="0x...", code=INVALID_ARGUMENT, version=contracts/5.8.0) {"reason":"resolver or addr is not configured for ENS name","code":"INVALID_ARGUMENT","argument":"name","value":"0x...","stack":"Error: resolver or addr is not configured for ENS name (argument=\"name\", value=\"0x...\", code=INVALID_ARGUMENT, version=contracts/5.8.0)\n    at Logger.makeError (D:\\Git-project\\aave-v3-liquidation-bot\\aave-v3-liquidation-bot\\node_modules\\@ethersproject\\logger\\src.ts\\index.ts:269:28)\n    at Logger.throwError (D:\\Git-project\\aave-v3-liquidation-bot\\aave-v3-liquidation-bot\\node_modules\\@ethersproject\\logger\\src.ts\\index.ts:281:20)\n    at Logger.throwArgumentError (D:\\Git-project\\aave-v3-liquidation-bot\\aave-v3-liquidation-bot\\node_modules\\@ethersproject\\logger\\src.ts\\index.ts:285:21)\n    at D:\\Git-project\\aave-v3-liquidation-bot\\aave-v3-liquidation-bot\\node_modules\\@ethersproject\\contracts\\src.ts\\index.ts:140:16\n    at step (D:\\Git-project\\aave-v3-liquidation-bot\\aave-v3-liquidation-bot\\node_modules\\@ethersproject\\contracts\\lib\\index.js:48:23)\n    at Object.next (D:\\Git-project\\aave-v3-liquidation-bot\\aave-v3-liquidation-bot\\node_modules\\@ethersproject\\contracts\\lib\\index.js:29:53)\n    at fulfilled (D:\\Git-project\\aave-v3-liquidation-bot\\aave-v3-liquidation-bot\\node_modules\\@ethersproject\\contracts\\lib\\index.js:20:58)\n    at processTicksAndRejections (node:internal/process/task_queues:105:5)"}
[2025-06-06 11:05:29] error: Failed to get user account data for 0x...: resolver or addr is not configured for ENS name (argument="name", value="0x...", code=INVALID_ARGUMENT, version=contracts/5.8.0) {"reason":"resolver or addr is not configured for ENS name","code":"INVALID_ARGUMENT","argument":"name","value":"0x...","stack":"Error: resolver or addr is not configured for ENS name (argument=\"name\", value=\"0x...\", code=INVALID_ARGUMENT, version=contracts/5.8.0)\n    at Logger.makeError (D:\\Git-project\\aave-v3-liquidation-bot\\aave-v3-liquidation-bot\\node_modules\\@ethersproject\\logger\\src.ts\\index.ts:269:28)\n    at Logger.throwError (D:\\Git-project\\aave-v3-liquidation-bot\\aave-v3-liquidation-bot\\node_modules\\@ethersproject\\logger\\src.ts\\index.ts:281:20)\n    at Logger.throwArgumentError (D:\\Git-project\\aave-v3-liquidation-bot\\aave-v3-liquidation-bot\\node_modules\\@ethersproject\\logger\\src.ts\\index.ts:285:21)\n    at D:\\Git-project\\aave-v3-liquidation-bot\\aave-v3-liquidation-bot\\node_modules\\@ethersproject\\contracts\\src.ts\\index.ts:140:16\n    at step (D:\\Git-project\\aave-v3-liquidation-bot\\aave-v3-liquidation-bot\\node_modules\\@ethersproject\\contracts\\lib\\index.js:48:23)\n    at Object.next (D:\\Git-project\\aave-v3-liquidation-bot\\aave-v3-liquidation-bot\\node_modules\\@ethersproject\\contracts\\lib\\index.js:29:53)\n    at fulfilled (D:\\Git-project\\aave-v3-liquidation-bot\\aave-v3-liquidation-bot\\node_modules\\@ethersproject\\contracts\\lib\\index.js:20:58)\n    at processTicksAndRejections (node:internal/process/task_queues:105:5)"}
[2025-06-06 11:05:29] error: Error scanning health factor for 0x...: resolver or addr is not configured for ENS name (argument="name", value="0x...", code=INVALID_ARGUMENT, version=contracts/5.8.0) {"reason":"resolver or addr is not configured for ENS name","code":"INVALID_ARGUMENT","argument":"name","value":"0x...","stack":"Error: resolver or addr is not configured for ENS name (argument=\"name\", value=\"0x...\", code=INVALID_ARGUMENT, version=contracts/5.8.0)\n    at Logger.makeError (D:\\Git-project\\aave-v3-liquidation-bot\\aave-v3-liquidation-bot\\node_modules\\@ethersproject\\logger\\src.ts\\index.ts:269:28)\n    at Logger.throwError (D:\\Git-project\\aave-v3-liquidation-bot\\aave-v3-liquidation-bot\\node_modules\\@ethersproject\\logger\\src.ts\\index.ts:281:20)\n    at Logger.throwArgumentError (D:\\Git-project\\aave-v3-liquidation-bot\\aave-v3-liquidation-bot\\node_modules\\@ethersproject\\logger\\src.ts\\index.ts:285:21)\n    at D:\\Git-project\\aave-v3-liquidation-bot\\aave-v3-liquidation-bot\\node_modules\\@ethersproject\\contracts\\src.ts\\index.ts:140:16\n    at step (D:\\Git-project\\aave-v3-liquidation-bot\\aave-v3-liquidation-bot\\node_modules\\@ethersproject\\contracts\\lib\\index.js:48:23)\n    at Object.next (D:\\Git-project\\aave-v3-liquidation-bot\\aave-v3-liquidation-bot\\node_modules\\@ethersproject\\contracts\\lib\\index.js:29:53)\n    at fulfilled (D:\\Git-project\\aave-v3-liquidation-bot\\aave-v3-liquidation-bot\\node_modules\\@ethersproject\\contracts\\lib\\index.js:20:58)\n    at processTicksAndRejections (node:internal/process/task_queues:105:5)"}
[2025-06-06 11:05:30] error: Failed to get user account data for 0x...: resolver or addr is not configured for ENS name (argument="name", value="0x...", code=INVALID_ARGUMENT, version=contracts/5.8.0) {"reason":"resolver or addr is not configured for ENS name","code":"INVALID_ARGUMENT","argument":"name","value":"0x...","stack":"Error: resolver or addr is not configured for ENS name (argument=\"name\", value=\"0x...\", code=INVALID_ARGUMENT, version=contracts/5.8.0)\n    at Logger.makeError (D:\\Git-project\\aave-v3-liquidation-bot\\aave-v3-liquidation-bot\\node_modules\\@ethersproject\\logger\\src.ts\\index.ts:269:28)\n    at Logger.throwError (D:\\Git-project\\aave-v3-liquidation-bot\\aave-v3-liquidation-bot\\node_modules\\@ethersproject\\logger\\src.ts\\index.ts:281:20)\n    at Logger.throwArgumentError (D:\\Git-project\\aave-v3-liquidation-bot\\aave-v3-liquidation-bot\\node_modules\\@ethersproject\\logger\\src.ts\\index.ts:285:21)\n    at D:\\Git-project\\aave-v3-liquidation-bot\\aave-v3-liquidation-bot\\node_modules\\@ethersproject\\contracts\\src.ts\\index.ts:140:16\n    at step (D:\\Git-project\\aave-v3-liquidation-bot\\aave-v3-liquidation-bot\\node_modules\\@ethersproject\\contracts\\lib\\index.js:48:23)\n    at Object.next (D:\\Git-project\\aave-v3-liquidation-bot\\aave-v3-liquidation-bot\\node_modules\\@ethersproject\\contracts\\lib\\index.js:29:53)\n    at fulfilled (D:\\Git-project\\aave-v3-liquidation-bot\\aave-v3-liquidation-bot\\node_modules\\@ethersproject\\contracts\\lib\\index.js:20:58)\n    at processTicksAndRejections (node:internal/process/task_queues:105:5)"}
[2025-06-06 11:05:30] error: Error scanning health factor for 0x...: resolver or addr is not configured for ENS name (argument="name", value="0x...", code=INVALID_ARGUMENT, version=contracts/5.8.0) {"reason":"resolver or addr is not configured for ENS name","code":"INVALID_ARGUMENT","argument":"name","value":"0x...","stack":"Error: resolver or addr is not configured for ENS name (argument=\"name\", value=\"0x...\", code=INVALID_ARGUMENT, version=contracts/5.8.0)\n    at Logger.makeError (D:\\Git-project\\aave-v3-liquidation-bot\\aave-v3-liquidation-bot\\node_modules\\@ethersproject\\logger\\src.ts\\index.ts:269:28)\n    at Logger.throwError (D:\\Git-project\\aave-v3-liquidation-bot\\aave-v3-liquidation-bot\\node_modules\\@ethersproject\\logger\\src.ts\\index.ts:281:20)\n    at Logger.throwArgumentError (D:\\Git-project\\aave-v3-liquidation-bot\\aave-v3-liquidation-bot\\node_modules\\@ethersproject\\logger\\src.ts\\index.ts:285:21)\n    at D:\\Git-project\\aave-v3-liquidation-bot\\aave-v3-liquidation-bot\\node_modules\\@ethersproject\\contracts\\src.ts\\index.ts:140:16\n    at step (D:\\Git-project\\aave-v3-liquidation-bot\\aave-v3-liquidation-bot\\node_modules\\@ethersproject\\contracts\\lib\\index.js:48:23)\n    at Object.next (D:\\Git-project\\aave-v3-liquidation-bot\\aave-v3-liquidation-bot\\node_modules\\@ethersproject\\contracts\\lib\\index.js:29:53)\n    at fulfilled (D:\\Git-project\\aave-v3-liquidation-bot\\aave-v3-liquidation-bot\\node_modules\\@ethersproject\\contracts\\lib\\index.js:20:58)\n    at processTicksAndRejections (node:internal/process/task_queues:105:5)"}
[2025-06-06 11:05:30] info: Found 0 potential liquidation targets 
[2025-06-06 11:05:30] info: Found 0 liquidatable positions 
[2025-06-06 11:05:47] info: Received SIGINT signal, shutting down gracefully... 
[2025-06-06 11:12:15] info: Starting AAVE Liquidation Bot... 
[2025-06-06 11:12:17] info: Loaded 9 reserves 
[2025-06-06 11:14:24] info: Strategy manager initialized 
[2025-06-06 11:14:24] info: Strategy manager started 
[2025-06-06 11:14:24] info: Starting event listening for borrow and repay events 
[2025-06-06 11:14:27] info: Found 0 potential liquidation targets 
[2025-06-06 11:14:27] info: Found 0 liquidatable positions 
[2025-06-06 11:14:27] info: Bot is running. Press CTRL+C to stop. 
[2025-06-06 11:14:30] info: Found 0 potential liquidation targets 
[2025-06-06 11:14:30] info: Found 0 liquidatable positions 
[2025-06-06 11:15:04] info: Found 0 potential liquidation targets 
[2025-06-06 11:15:04] info: Found 0 liquidatable positions 
[2025-06-06 11:15:37] info: Found 0 potential liquidation targets 
[2025-06-06 11:15:37] info: Found 0 liquidatable positions 
[2025-06-06 11:16:08] info: Found 0 potential liquidation targets 
[2025-06-06 11:16:08] info: Found 0 liquidatable positions 
[2025-06-06 11:16:40] info: Found 0 potential liquidation targets 
[2025-06-06 11:16:40] info: Found 0 liquidatable positions 
[2025-06-06 11:17:12] info: Found 0 potential liquidation targets 
[2025-06-06 11:17:12] info: Found 0 liquidatable positions 
[2025-06-06 11:17:43] info: Found 0 potential liquidation targets 
[2025-06-06 11:17:43] info: Found 0 liquidatable positions 
[2025-06-06 11:18:15] info: Found 0 potential liquidation targets 
[2025-06-06 11:18:15] info: Found 0 liquidatable positions 
[2025-06-06 11:18:47] info: Found 0 potential liquidation targets 
[2025-06-06 11:18:47] info: Found 0 liquidatable positions 
[2025-06-06 11:19:41] info: Found 0 potential liquidation targets 
[2025-06-06 11:19:41] info: Found 0 liquidatable positions 
[2025-06-06 11:20:13] info: Found 0 potential liquidation targets 
[2025-06-06 11:20:13] info: Found 0 liquidatable positions 
[2025-06-06 11:20:45] info: Found 0 potential liquidation targets 
[2025-06-06 11:20:45] info: Found 0 liquidatable positions 
[2025-06-06 11:21:16] info: Found 0 potential liquidation targets 
[2025-06-06 11:21:16] info: Found 0 liquidatable positions 
[2025-06-06 11:21:48] info: Found 0 potential liquidation targets 
[2025-06-06 11:21:48] info: Found 0 liquidatable positions 
[2025-06-06 11:22:20] info: Found 0 potential liquidation targets 
[2025-06-06 11:22:20] info: Found 0 liquidatable positions 
[2025-06-06 11:22:52] info: Found 0 potential liquidation targets 
[2025-06-06 11:22:52] info: Found 0 liquidatable positions 
[2025-06-06 11:23:24] info: Found 0 potential liquidation targets 
[2025-06-06 11:23:24] info: Found 0 liquidatable positions 
[2025-06-06 11:23:55] info: Found 0 potential liquidation targets 
[2025-06-06 11:23:55] info: Found 0 liquidatable positions 
[2025-06-06 11:24:27] info: Found 0 potential liquidation targets 
[2025-06-06 11:24:27] info: Found 0 liquidatable positions 
[2025-06-06 11:24:59] info: Found 0 potential liquidation targets 
[2025-06-06 11:24:59] info: Found 0 liquidatable positions 
[2025-06-06 11:25:31] info: Found 0 potential liquidation targets 
[2025-06-06 11:25:31] info: Found 0 liquidatable positions 
[2025-06-06 11:26:03] info: Found 0 potential liquidation targets 
[2025-06-06 11:26:03] info: Found 0 liquidatable positions 
[2025-06-06 11:26:36] info: Found 0 potential liquidation targets 
[2025-06-06 11:26:36] info: Found 0 liquidatable positions 
[2025-06-06 11:27:12] info: Found 0 potential liquidation targets 
[2025-06-06 11:27:12] info: Found 0 liquidatable positions 
[2025-06-06 11:27:43] info: Found 0 potential liquidation targets 
[2025-06-06 11:27:43] info: Found 0 liquidatable positions 
[2025-06-06 11:28:15] info: Found 0 potential liquidation targets 
[2025-06-06 11:28:15] info: Found 0 liquidatable positions 
[2025-06-06 11:28:49] info: Found 0 potential liquidation targets 
[2025-06-06 11:28:49] info: Found 0 liquidatable positions 
[2025-06-06 11:29:20] info: Found 0 potential liquidation targets 
[2025-06-06 11:29:20] info: Found 0 liquidatable positions 
[2025-06-06 11:29:52] info: Found 0 potential liquidation targets 
[2025-06-06 11:29:52] info: Found 0 liquidatable positions 
[2025-06-06 11:30:24] info: Found 0 potential liquidation targets 
[2025-06-06 11:30:24] info: Found 0 liquidatable positions 
[2025-06-06 11:30:56] info: Found 0 potential liquidation targets 
[2025-06-06 11:30:56] info: Found 0 liquidatable positions 
[2025-06-06 11:31:14] info: Received SIGINT signal, shutting down gracefully... 
[2025-06-06 11:31:20] info: Starting AAVE Liquidation Bot... 
[2025-06-06 11:31:23] info: Loaded 9 reserves 
[2025-06-06 11:31:42] info: Started loading Monitored Addresses... 
[2025-06-06 11:31:51] error: Failed to initialize strategy manager: Cannot read properties of undefined (reading 'toLowerCase') {"stack":"TypeError: Cannot read properties of undefined (reading 'toLowerCase')\n    at StrategyManager.getMonitoredAddresses (D:\\Git-project\\aave-v3-liquidation-bot\\aave-v3-liquidation-bot\\src\\strategies\\strategyManager.ts:63:36)\n    at processTicksAndRejections (node:internal/process/task_queues:105:5)\n    at async StrategyManager.initialize (D:\\Git-project\\aave-v3-liquidation-bot\\aave-v3-liquidation-bot\\src\\strategies\\strategyManager.ts:31:29)\n    at async main (D:\\Git-project\\aave-v3-liquidation-bot\\aave-v3-liquidation-bot\\src\\index.ts:13:5)"}
[2025-06-06 11:33:53] info: Starting AAVE Liquidation Bot... 
[2025-06-06 11:33:56] info: Loaded 9 reserves 
[2025-06-06 11:34:16] info: Started loading Monitored Addresses... 
[2025-06-06 11:34:20] error: Failed to initialize strategy manager: Cannot read properties of undefined (reading 'toLowerCase') {"stack":"TypeError: Cannot read properties of undefined (reading 'toLowerCase')\n    at StrategyManager.getMonitoredAddresses (D:\\Git-project\\aave-v3-liquidation-bot\\aave-v3-liquidation-bot\\src\\strategies\\strategyManager.ts:64:36)\n    at processTicksAndRejections (node:internal/process/task_queues:105:5)\n    at async StrategyManager.initialize (D:\\Git-project\\aave-v3-liquidation-bot\\aave-v3-liquidation-bot\\src\\strategies\\strategyManager.ts:31:29)\n    at async main (D:\\Git-project\\aave-v3-liquidation-bot\\aave-v3-liquidation-bot\\src\\index.ts:13:5)"}
[2025-06-06 11:35:13] info: Starting AAVE Liquidation Bot... 
[2025-06-06 11:35:15] info: Loaded 9 reserves 
[2025-06-06 11:35:38] info: Started loading Monitored Addresses... 
[2025-06-06 11:35:50] error: Failed to initialize strategy manager: Cannot read properties of undefined (reading 'toLowerCase') {"stack":"TypeError: Cannot read properties of undefined (reading 'toLowerCase')\n    at StrategyManager.getMonitoredAddresses (D:\\Git-project\\aave-v3-liquidation-bot\\aave-v3-liquidation-bot\\src\\strategies\\strategyManager.ts:64:36)\n    at processTicksAndRejections (node:internal/process/task_queues:105:5)\n    at async StrategyManager.initialize (D:\\Git-project\\aave-v3-liquidation-bot\\aave-v3-liquidation-bot\\src\\strategies\\strategyManager.ts:31:29)\n    at async main (D:\\Git-project\\aave-v3-liquidation-bot\\aave-v3-liquidation-bot\\src\\index.ts:13:5)"}
[2025-06-06 11:36:19] info: Starting AAVE Liquidation Bot... 
[2025-06-06 11:36:23] info: Loaded 9 reserves 
[2025-06-06 11:38:17] info: Started loading Monitored Addresses... 
[2025-06-06 11:38:41] info: Starting AAVE Liquidation Bot... 
[2025-06-06 11:38:56] info: Loaded 9 reserves 
[2025-06-06 11:40:37] info: Started loading Monitored Addresses... 
[2025-06-06 11:41:00] info: Strategy manager initialized 
[2025-06-06 11:41:00] info: Strategy manager started 
[2025-06-06 11:41:00] info: Starting event listening for borrow and repay events 
[2025-06-06 11:42:44] error: Failed to get user account data for 0x4e642cb439a3dab7b134ab5493bd481bdbc918b9: missing revert data in call exception; Transaction reverted without a reason string [ See: https://links.ethers.org/v5-errors-CALL_EXCEPTION ] (data="0x", transaction={"to":"0x6Ae43d3271ff6888e7Fc43Fd7321a503ff738951","data":"0xbf92857c0000000000000000000000004e642cb439a3dab7b134ab5493bd481bdbc918b9","accessList":null}, error={"reason":"missing response","code":"SERVER_ERROR","requestBody":"{\"method\":\"eth_call\",\"params\":[{\"to\":\"0x6ae43d3271ff6888e7fc43fd7321a503ff738951\",\"data\":\"0xbf92857c0000000000000000000000004e642cb439a3dab7b134ab5493bd481bdbc918b9\"},\"latest\"],\"id\":139,\"jsonrpc\":\"2.0\"}","requestMethod":"POST","serverError":{"errno":-4077,"code":"ECONNRESET","syscall":"read"},"url":"https://sepolia.drpc.org"}, code=CALL_EXCEPTION, version=providers/5.8.0) {"reason":"missing revert data in call exception; Transaction reverted without a reason string","code":"CALL_EXCEPTION","data":"0x","transaction":{"to":"0x6Ae43d3271ff6888e7Fc43Fd7321a503ff738951","data":"0xbf92857c0000000000000000000000004e642cb439a3dab7b134ab5493bd481bdbc918b9","accessList":null},"error":{"reason":"missing response","code":"SERVER_ERROR","requestBody":"{\"method\":\"eth_call\",\"params\":[{\"to\":\"0x6ae43d3271ff6888e7fc43fd7321a503ff738951\",\"data\":\"0xbf92857c0000000000000000000000004e642cb439a3dab7b134ab5493bd481bdbc918b9\"},\"latest\"],\"id\":139,\"jsonrpc\":\"2.0\"}","requestMethod":"POST","serverError":{"errno":-4077,"code":"ECONNRESET","syscall":"read"},"url":"https://sepolia.drpc.org"},"stack":"Error: missing revert data in call exception; Transaction reverted without a reason string [ See: https://links.ethers.org/v5-errors-CALL_EXCEPTION ] (data=\"0x\", transaction={\"to\":\"0x6Ae43d3271ff6888e7Fc43Fd7321a503ff738951\",\"data\":\"0xbf92857c0000000000000000000000004e642cb439a3dab7b134ab5493bd481bdbc918b9\",\"accessList\":null}, error={\"reason\":\"missing response\",\"code\":\"SERVER_ERROR\",\"requestBody\":\"{\\\"method\\\":\\\"eth_call\\\",\\\"params\\\":[{\\\"to\\\":\\\"0x6ae43d3271ff6888e7fc43fd7321a503ff738951\\\",\\\"data\\\":\\\"0xbf92857c0000000000000000000000004e642cb439a3dab7b134ab5493bd481bdbc918b9\\\"},\\\"latest\\\"],\\\"id\\\":139,\\\"jsonrpc\\\":\\\"2.0\\\"}\",\"requestMethod\":\"POST\",\"serverError\":{\"errno\":-4077,\"code\":\"ECONNRESET\",\"syscall\":\"read\"},\"url\":\"https://sepolia.drpc.org\"}, code=CALL_EXCEPTION, version=providers/5.8.0)\n    at Logger.makeError (D:\\Git-project\\aave-v3-liquidation-bot\\aave-v3-liquidation-bot\\node_modules\\@ethersproject\\logger\\src.ts\\index.ts:269:28)\n    at Logger.throwError (D:\\Git-project\\aave-v3-liquidation-bot\\aave-v3-liquidation-bot\\node_modules\\@ethersproject\\logger\\src.ts\\index.ts:281:20)\n    at checkError (D:\\Git-project\\aave-v3-liquidation-bot\\aave-v3-liquidation-bot\\node_modules\\@ethersproject\\providers\\src.ts\\json-rpc-provider.ts:66:16)\n    at JsonRpcProvider.<anonymous> (D:\\Git-project\\aave-v3-liquidation-bot\\aave-v3-liquidation-bot\\node_modules\\@ethersproject\\providers\\src.ts\\json-rpc-provider.ts:642:20)\n    at step (D:\\Git-project\\aave-v3-liquidation-bot\\aave-v3-liquidation-bot\\node_modules\\@ethersproject\\providers\\lib\\json-rpc-provider.js:48:23)\n    at Object.throw (D:\\Git-project\\aave-v3-liquidation-bot\\aave-v3-liquidation-bot\\node_modules\\@ethersproject\\providers\\lib\\json-rpc-provider.js:29:53)\n    at rejected (D:\\Git-project\\aave-v3-liquidation-bot\\aave-v3-liquidation-bot\\node_modules\\@ethersproject\\providers\\lib\\json-rpc-provider.js:21:65)\n    at processTicksAndRejections (node:internal/process/task_queues:105:5)"}
[2025-06-06 11:42:44] error: Error scanning health factor for 0x4e642cb439a3dab7b134ab5493bd481bdbc918b9: missing revert data in call exception; Transaction reverted without a reason string [ See: https://links.ethers.org/v5-errors-CALL_EXCEPTION ] (data="0x", transaction={"to":"0x6Ae43d3271ff6888e7Fc43Fd7321a503ff738951","data":"0xbf92857c0000000000000000000000004e642cb439a3dab7b134ab5493bd481bdbc918b9","accessList":null}, error={"reason":"missing response","code":"SERVER_ERROR","requestBody":"{\"method\":\"eth_call\",\"params\":[{\"to\":\"0x6ae43d3271ff6888e7fc43fd7321a503ff738951\",\"data\":\"0xbf92857c0000000000000000000000004e642cb439a3dab7b134ab5493bd481bdbc918b9\"},\"latest\"],\"id\":139,\"jsonrpc\":\"2.0\"}","requestMethod":"POST","serverError":{"errno":-4077,"code":"ECONNRESET","syscall":"read"},"url":"https://sepolia.drpc.org"}, code=CALL_EXCEPTION, version=providers/5.8.0) {"reason":"missing revert data in call exception; Transaction reverted without a reason string","code":"CALL_EXCEPTION","data":"0x","transaction":{"to":"0x6Ae43d3271ff6888e7Fc43Fd7321a503ff738951","data":"0xbf92857c0000000000000000000000004e642cb439a3dab7b134ab5493bd481bdbc918b9","accessList":null},"error":{"reason":"missing response","code":"SERVER_ERROR","requestBody":"{\"method\":\"eth_call\",\"params\":[{\"to\":\"0x6ae43d3271ff6888e7fc43fd7321a503ff738951\",\"data\":\"0xbf92857c0000000000000000000000004e642cb439a3dab7b134ab5493bd481bdbc918b9\"},\"latest\"],\"id\":139,\"jsonrpc\":\"2.0\"}","requestMethod":"POST","serverError":{"errno":-4077,"code":"ECONNRESET","syscall":"read"},"url":"https://sepolia.drpc.org"},"stack":"Error: missing revert data in call exception; Transaction reverted without a reason string [ See: https://links.ethers.org/v5-errors-CALL_EXCEPTION ] (data=\"0x\", transaction={\"to\":\"0x6Ae43d3271ff6888e7Fc43Fd7321a503ff738951\",\"data\":\"0xbf92857c0000000000000000000000004e642cb439a3dab7b134ab5493bd481bdbc918b9\",\"accessList\":null}, error={\"reason\":\"missing response\",\"code\":\"SERVER_ERROR\",\"requestBody\":\"{\\\"method\\\":\\\"eth_call\\\",\\\"params\\\":[{\\\"to\\\":\\\"0x6ae43d3271ff6888e7fc43fd7321a503ff738951\\\",\\\"data\\\":\\\"0xbf92857c0000000000000000000000004e642cb439a3dab7b134ab5493bd481bdbc918b9\\\"},\\\"latest\\\"],\\\"id\\\":139,\\\"jsonrpc\\\":\\\"2.0\\\"}\",\"requestMethod\":\"POST\",\"serverError\":{\"errno\":-4077,\"code\":\"ECONNRESET\",\"syscall\":\"read\"},\"url\":\"https://sepolia.drpc.org\"}, code=CALL_EXCEPTION, version=providers/5.8.0)\n    at Logger.makeError (D:\\Git-project\\aave-v3-liquidation-bot\\aave-v3-liquidation-bot\\node_modules\\@ethersproject\\logger\\src.ts\\index.ts:269:28)\n    at Logger.throwError (D:\\Git-project\\aave-v3-liquidation-bot\\aave-v3-liquidation-bot\\node_modules\\@ethersproject\\logger\\src.ts\\index.ts:281:20)\n    at checkError (D:\\Git-project\\aave-v3-liquidation-bot\\aave-v3-liquidation-bot\\node_modules\\@ethersproject\\providers\\src.ts\\json-rpc-provider.ts:66:16)\n    at JsonRpcProvider.<anonymous> (D:\\Git-project\\aave-v3-liquidation-bot\\aave-v3-liquidation-bot\\node_modules\\@ethersproject\\providers\\src.ts\\json-rpc-provider.ts:642:20)\n    at step (D:\\Git-project\\aave-v3-liquidation-bot\\aave-v3-liquidation-bot\\node_modules\\@ethersproject\\providers\\lib\\json-rpc-provider.js:48:23)\n    at Object.throw (D:\\Git-project\\aave-v3-liquidation-bot\\aave-v3-liquidation-bot\\node_modules\\@ethersproject\\providers\\lib\\json-rpc-provider.js:29:53)\n    at rejected (D:\\Git-project\\aave-v3-liquidation-bot\\aave-v3-liquidation-bot\\node_modules\\@ethersproject\\providers\\lib\\json-rpc-provider.js:21:65)\n    at processTicksAndRejections (node:internal/process/task_queues:105:5)"}
[2025-06-06 11:43:07] error: Failed to get user account data for 0x1d08f7db6ef14bd5fe2272c72d1f5342ec518c7c: could not detect network (event="noNetwork", code=NETWORK_ERROR, version=providers/5.8.0) {"reason":"could not detect network","code":"NETWORK_ERROR","event":"noNetwork","stack":"Error: could not detect network (event=\"noNetwork\", code=NETWORK_ERROR, version=providers/5.8.0)\n    at Logger.makeError (D:\\Git-project\\aave-v3-liquidation-bot\\aave-v3-liquidation-bot\\node_modules\\@ethersproject\\logger\\src.ts\\index.ts:269:28)\n    at Logger.throwError (D:\\Git-project\\aave-v3-liquidation-bot\\aave-v3-liquidation-bot\\node_modules\\@ethersproject\\logger\\src.ts\\index.ts:281:20)\n    at JsonRpcProvider.<anonymous> (D:\\Git-project\\aave-v3-liquidation-bot\\aave-v3-liquidation-bot\\node_modules\\@ethersproject\\providers\\src.ts\\json-rpc-provider.ts:483:23)\n    at step (D:\\Git-project\\aave-v3-liquidation-bot\\aave-v3-liquidation-bot\\node_modules\\@ethersproject\\providers\\lib\\json-rpc-provider.js:48:23)\n    at Object.throw (D:\\Git-project\\aave-v3-liquidation-bot\\aave-v3-liquidation-bot\\node_modules\\@ethersproject\\providers\\lib\\json-rpc-provider.js:29:53)\n    at rejected (D:\\Git-project\\aave-v3-liquidation-bot\\aave-v3-liquidation-bot\\node_modules\\@ethersproject\\providers\\lib\\json-rpc-provider.js:21:65)\n    at processTicksAndRejections (node:internal/process/task_queues:105:5)"}
[2025-06-06 11:43:07] error: Error scanning health factor for 0x1d08f7db6ef14bd5fe2272c72d1f5342ec518c7c: could not detect network (event="noNetwork", code=NETWORK_ERROR, version=providers/5.8.0) {"reason":"could not detect network","code":"NETWORK_ERROR","event":"noNetwork","stack":"Error: could not detect network (event=\"noNetwork\", code=NETWORK_ERROR, version=providers/5.8.0)\n    at Logger.makeError (D:\\Git-project\\aave-v3-liquidation-bot\\aave-v3-liquidation-bot\\node_modules\\@ethersproject\\logger\\src.ts\\index.ts:269:28)\n    at Logger.throwError (D:\\Git-project\\aave-v3-liquidation-bot\\aave-v3-liquidation-bot\\node_modules\\@ethersproject\\logger\\src.ts\\index.ts:281:20)\n    at JsonRpcProvider.<anonymous> (D:\\Git-project\\aave-v3-liquidation-bot\\aave-v3-liquidation-bot\\node_modules\\@ethersproject\\providers\\src.ts\\json-rpc-provider.ts:483:23)\n    at step (D:\\Git-project\\aave-v3-liquidation-bot\\aave-v3-liquidation-bot\\node_modules\\@ethersproject\\providers\\lib\\json-rpc-provider.js:48:23)\n    at Object.throw (D:\\Git-project\\aave-v3-liquidation-bot\\aave-v3-liquidation-bot\\node_modules\\@ethersproject\\providers\\lib\\json-rpc-provider.js:29:53)\n    at rejected (D:\\Git-project\\aave-v3-liquidation-bot\\aave-v3-liquidation-bot\\node_modules\\@ethersproject\\providers\\lib\\json-rpc-provider.js:21:65)\n    at processTicksAndRejections (node:internal/process/task_queues:105:5)"}
[2025-06-06 11:44:52] info: Starting AAVE Liquidation Bot... 
[2025-06-06 11:45:21] info: Loaded 9 reserves 
[2025-06-06 11:46:55] info: Started loading Monitored Addresses... 
[2025-06-06 11:46:57] info: Strategy manager initialized 
[2025-06-06 11:46:57] info: Strategy manager started 
[2025-06-06 11:46:57] info: Starting event listening for borrow and repay events 
[2025-06-06 11:47:17] info: Found 1 potential liquidation targets 
[2025-06-06 11:47:17] info: Found 0 liquidatable positions 
[2025-06-06 11:47:17] info: Bot is running. Press CTRL+C to stop. 
[2025-06-06 11:47:30] info: Found 1 potential liquidation targets 
[2025-06-06 11:47:31] info: Found 0 liquidatable positions 
[2025-06-06 11:47:58] info: Received SIGINT signal, shutting down gracefully... 
